Log file open, 11/18/19 11:08:57
LogWindows: Failed to load 'aqProf.dll' (GetLastError=126)
LogWindows: File 'aqProf.dll' does not exist
LogWindows: Failed to load 'VtuneApi.dll' (GetLastError=126)
LogWindows: File 'VtuneApi.dll' does not exist
LogWindows: Failed to load 'VtuneApi32e.dll' (GetLastError=126)
LogWindows: File 'VtuneApi32e.dll' does not exist
LogConsoleResponse: Display: Failed to find resolution value strings in scalability ini. Falling back to default.
LogInit: Display: Running engine for game: GameEngineProjectTPS
LogPakFile: Registered encryption key '00000000000000000000000000000000': 0 pak files mounted, 0 remain pending
LogPlatformFile: Not using cached read wrapper
LogTaskGraph: Started task graph with 5 named threads and 11 total threads with 3 sets of task threads.
LogStats: Stats thread started at 0.148239
LogD3D11RHI: Loaded GFSDK_Aftermath_Lib.x64.dll
LogICUInternationalization: ICU TimeZone Detection - Raw Offset: -5:00, Platform Override: ''
LogPluginManager: Mounting plugin Paper2D
LogPluginManager: Mounting plugin AISupport
LogPluginManager: Mounting plugin LightPropagationVolume
LogPluginManager: Mounting plugin ActorLayerUtilities
LogPluginManager: Mounting plugin AnimationSharing
LogPluginManager: Mounting plugin CLionSourceCodeAccess
LogPluginManager: Mounting plugin CodeLiteSourceCodeAccess
LogPluginManager: Mounting plugin GitSourceControl
LogPluginManager: Mounting plugin KDevelopSourceCodeAccess
LogPluginManager: Mounting plugin NullSourceCodeAccess
LogPluginManager: Mounting plugin PerforceSourceControl
LogPluginManager: Mounting plugin SubversionSourceControl
LogPluginManager: Mounting plugin UObjectPlugin
LogPluginManager: Mounting plugin VisualStudioCodeSourceCodeAccess
LogPluginManager: Mounting plugin VisualStudioSourceCodeAccess
LogPluginManager: Mounting plugin XCodeSourceCodeAccess
LogPluginManager: Mounting plugin AssetManagerEditor
LogPluginManager: Mounting plugin CryptoKeys
LogPluginManager: Mounting plugin DataValidation
LogPluginManager: Mounting plugin FacialAnimation
LogPluginManager: Mounting plugin GameplayTagsEditor
LogPluginManager: Mounting plugin MacGraphicsSwitching
LogPluginManager: Mounting plugin MaterialAnalyzer
LogPluginManager: Mounting plugin MobileLauncherProfileWizard
LogPluginManager: Mounting plugin PluginBrowser
LogPluginManager: Mounting plugin SpeedTreeImporter
LogPluginManager: Mounting plugin DatasmithContent
LogPluginManager: Mounting plugin VariantManagerContent
LogPluginManager: Mounting plugin AlembicImporter
LogPluginManager: Mounting plugin AppleImageUtils
LogPluginManager: Mounting plugin AppleVision
LogPluginManager: Mounting plugin BackChannel
LogPluginManager: Mounting plugin CharacterAI
LogPluginManager: Mounting plugin GeometryCache
LogPluginManager: Mounting plugin HTML5Networking
LogPluginManager: Mounting plugin ProxyLODPlugin
LogPluginManager: Mounting plugin SkeletalReduction
LogPluginManager: Mounting plugin MagicLeap
LogPluginManager: Mounting plugin MagicLeapMedia
LogPluginManager: Mounting plugin AndroidMedia
LogPluginManager: Mounting plugin AvfMedia
LogPluginManager: Mounting plugin ImgMedia
LogPluginManager: Mounting plugin LinearTimecode
LogPluginManager: Mounting plugin MediaCompositing
LogPluginManager: Mounting plugin MediaPlayerEditor
LogPluginManager: Mounting plugin WebMMedia
LogPluginManager: Mounting plugin WmfMedia
LogPluginManager: Mounting plugin TcpMessaging
LogPluginManager: Mounting plugin UdpMessaging
LogPluginManager: Mounting plugin ActorSequence
LogPluginManager: Mounting plugin LevelSequenceEditor
LogPluginManager: Mounting plugin MatineeToLevelSequence
LogPluginManager: Mounting plugin NetcodeUnitTest
LogPluginManager: Mounting plugin NUTUnrealEngine4
LogPluginManager: Mounting plugin OnlineSubsystemGooglePlay
LogPluginManager: Mounting plugin OnlineSubsystemIOS
LogPluginManager: Mounting plugin OnlineSubsystem
LogPluginManager: Mounting plugin OnlineSubsystemNull
LogPluginManager: Mounting plugin OnlineSubsystemUtils
LogPluginManager: Mounting plugin LauncherChunkInstaller
LogPluginManager: Mounting plugin AndroidDeviceProfileSelector
LogPluginManager: Mounting plugin AndroidMoviePlayer
LogPluginManager: Mounting plugin AndroidPermission
LogPluginManager: Mounting plugin AppleMoviePlayer
LogPluginManager: Mounting plugin ArchVisCharacter
LogPluginManager: Mounting plugin AudioCapture
LogPluginManager: Mounting plugin CableComponent
LogPluginManager: Mounting plugin CustomMeshComponent
LogPluginManager: Mounting plugin EditableMesh
LogPluginManager: Mounting plugin ExampleDeviceProfileSelector
LogPluginManager: Mounting plugin Firebase
LogPluginManager: Mounting plugin GoogleCloudMessaging
LogPluginManager: Mounting plugin IOSDeviceProfileSelector
LogPluginManager: Mounting plugin LinuxDeviceProfileSelector
LogPluginManager: Mounting plugin LocationServicesBPLibrary
LogPluginManager: Mounting plugin MobilePatchingUtils
LogPluginManager: Mounting plugin OculusVR
LogPluginManager: Mounting plugin PhysXVehicles
LogPluginManager: Mounting plugin ProceduralMeshComponent
LogPluginManager: Mounting plugin RuntimePhysXCooking
LogPluginManager: Mounting plugin SignificanceManager
LogPluginManager: Mounting plugin SteamVR
LogPluginManager: Mounting plugin WebMMoviePlayer
LogPluginManager: Mounting plugin WindowsMoviePlayer
LogInit: Using libcurl 7.55.1-DEV
LogInit:  - built for x86_64-pc-win32
LogInit:  - supports SSL with OpenSSL/1.1.1
LogInit:  - supports HTTP deflate (compression) using libz 1.2.8
LogInit:  - other features:
LogInit:      CURL_VERSION_SSL
LogInit:      CURL_VERSION_LIBZ
LogInit:      CURL_VERSION_IPV6
LogInit:      CURL_VERSION_ASYNCHDNS
LogInit:      CURL_VERSION_LARGEFILE
LogInit:      CURL_VERSION_IDN
LogInit:  CurlRequestOptions (configurable via config and command line):
LogInit:  - bVerifyPeer = true  - Libcurl will verify peer certificate
LogInit:  - bUseHttpProxy = false  - Libcurl will NOT use HTTP proxy
LogInit:  - bDontReuseConnections = false  - Libcurl will reuse connections
LogInit:  - MaxHostConnections = 16  - Libcurl will limit the number of connections to a host
LogInit:  - LocalHostAddr = Default
LogInit:  - BufferSize = 65536
LogInit: WinSock: version 1.1 (2.2), MaxSocks=32767, MaxUdp=65467
LogInit: Build: ++UE4+Release-4.22-CL-7053642
LogInit: Engine Version: 4.22.3-7053642+++UE4+Release-4.22
LogInit: Compatible Engine Version: 4.22.0-5660361+++UE4+Release-4.22
LogInit: Net CL: 5660361
LogInit: OS: Windows 10 (Release 1903) (), CPU: Intel(R) Core(TM) i7-7500U CPU @ 2.70GHz, GPU: Intel(R) HD Graphics 620
LogInit: Compiled (64-bit): Jun 18 2019 03:09:11
LogInit: Compiled with Visual C++: 19.16.27025.01
LogInit: Build Configuration: Development
LogInit: Branch Name: ++UE4+Release-4.22
LogInit: Command Line: 
LogInit: Base Directory: C:/Program Files/Epic Games/UE_4.22/Engine/Binaries/Win64/
LogInit: Installed Engine Build: 1
LogDevObjectVersion: Number of dev versions registered: 23
LogDevObjectVersion:   Dev-Blueprints (B0D832E4-1F89-4F0D-ACCF-7EB736FD4AA2): 10
LogDevObjectVersion:   Dev-Build (E1C64328-A22C-4D53-A36C-8E866417BD8C): 0
LogDevObjectVersion:   Dev-Core (375EC13C-06E4-48FB-B500-84F0262A717E): 3
LogDevObjectVersion:   Dev-Editor (E4B068ED-F494-42E9-A231-DA0B2E46BB41): 30
LogDevObjectVersion:   Dev-Framework (CFFC743F-43B0-4480-9391-14DF171D2073): 35
LogDevObjectVersion:   Dev-Mobile (B02B49B5-BB20-44E9-A304-32B752E40360): 2
LogDevObjectVersion:   Dev-Networking (A4E4105C-59A1-49B5-A7C5-40C4547EDFEE): 0
LogDevObjectVersion:   Dev-Online (39C831C9-5AE6-47DC-9A44-9C173E1C8E7C): 0
LogDevObjectVersion:   Dev-Physics (78F01B33-EBEA-4F98-B9B4-84EACCB95AA2): 0
LogDevObjectVersion:   Dev-Platform (6631380F-2D4D-43E0-8009-CF276956A95A): 0
LogDevObjectVersion:   Dev-Rendering (12F88B9F-8875-4AFC-A67C-D90C383ABD29): 28
LogDevObjectVersion:   Dev-Sequencer (7B5AE74C-D270-4C10-A958-57980B212A5A): 11
LogDevObjectVersion:   Dev-VR (D7296918-1DD6-4BDD-9DE2-64A83CC13884): 2
LogDevObjectVersion:   Dev-LoadTimes (C2A15278-BFE7-4AFE-6C17-90FF531DF755): 1
LogDevObjectVersion:   Private-Geometry (6EACA3D4-40EC-4CC1-B786-8BED09428FC5): 3
LogDevObjectVersion:   Dev-AnimPhys (29E575DD-E0A3-4627-9D10-D276232CDCEA): 17
LogDevObjectVersion:   Dev-Anim (AF43A65D-7FD3-4947-9873-3E8ED9C1BB05): 2
LogDevObjectVersion:   Dev-ReflectionCapture (6B266CEC-1EC7-4B8F-A30B-E4D90942FC07): 1
LogDevObjectVersion:   Dev-Automation (0DF73D61-A23F-47EA-B727-89E90C41499A): 1
LogDevObjectVersion:   FortniteMain (601D1886-AC64-4F84-AA16-D3DE0DEAC7D6): 25
LogDevObjectVersion:   Dev-Enterprise (9DFFBCD6-494F-0158-E221-12823C92A888): 6
LogDevObjectVersion:   Dev-Niagara (F2AED0AC-9AFE-416F-8664-AA7FFA26D6FC): 1
LogDevObjectVersion:   Dev-Destruction (174F1F0B-B4C6-45A5-B13F-2EE8D0FB917D): 2
LogInit: Presizing for max 16777216 objects, including 0 objects not considered by GC, pre-allocating 0 bytes for permanent pool.
LogInit: Object subsystem initialized
LogConfig: Setting CVar [[con.DebugEarlyDefault:1]]
LogConfig: Setting CVar [[r.setres:1280x720]]
[2019.11.18-16.08.57:852][  0]LogConfig: Setting CVar [[r.VSync:0]]
[2019.11.18-16.08.57:852][  0]LogConfig: Setting CVar [[r.RHICmdBypass:0]]
[2019.11.18-16.08.57:852][  0]LogConfig: Applying CVar settings from Section [/Script/Engine.RendererSettings] File [C:/Users/julia/Documents/UnrealGameProject/UnrealTPS/ThirdPersonProject/GameEngineProjectTPS/Saved/Config/Windows/Engine.ini]
[2019.11.18-16.08.57:852][  0]LogConfig: Setting CVar [[r.GPUCrashDebugging:0]]
[2019.11.18-16.08.57:852][  0]LogConfig: Applying CVar settings from Section [/Script/Engine.RendererOverrideSettings] File [C:/Users/julia/Documents/UnrealGameProject/UnrealTPS/ThirdPersonProject/GameEngineProjectTPS/Saved/Config/Windows/Engine.ini]
[2019.11.18-16.08.57:852][  0]LogConfig: Applying CVar settings from Section [/Script/Engine.StreamingSettings] File [C:/Users/julia/Documents/UnrealGameProject/UnrealTPS/ThirdPersonProject/GameEngineProjectTPS/Saved/Config/Windows/Engine.ini]
[2019.11.18-16.08.57:852][  0]LogConfig: Setting CVar [[s.MinBulkDataSizeForAsyncLoading:131072]]
[2019.11.18-16.08.57:852][  0]LogConfig: Setting CVar [[s.AsyncLoadingThreadEnabled:0]]
[2019.11.18-16.08.57:852][  0]LogConfig: Setting CVar [[s.EventDrivenLoaderEnabled:1]]
[2019.11.18-16.08.57:852][  0]LogConfig: Setting CVar [[s.WarnIfTimeLimitExceeded:0]]
[2019.11.18-16.08.57:852][  0]LogConfig: Setting CVar [[s.TimeLimitExceededMultiplier:1.5]]
[2019.11.18-16.08.57:852][  0]LogConfig: Setting CVar [[s.TimeLimitExceededMinTime:0.005]]
[2019.11.18-16.08.57:852][  0]LogConfig: Setting CVar [[s.UseBackgroundLevelStreaming:1]]
[2019.11.18-16.08.57:852][  0]LogConfig: Setting CVar [[s.PriorityAsyncLoadingExtraTime:15.0]]
[2019.11.18-16.08.57:852][  0]LogConfig: Setting CVar [[s.LevelStreamingActorsUpdateTimeLimit:5.0]]
[2019.11.18-16.08.57:852][  0]LogConfig: Setting CVar [[s.PriorityLevelStreamingActorsUpdateExtraTime:5.0]]
[2019.11.18-16.08.57:852][  0]LogConfig: Setting CVar [[s.LevelStreamingComponentsRegistrationGranularity:10]]
[2019.11.18-16.08.57:852][  0]LogConfig: Setting CVar [[s.UnregisterComponentsTimeLimit:1.0]]
[2019.11.18-16.08.57:852][  0]LogConfig: Setting CVar [[s.LevelStreamingComponentsUnregistrationGranularity:5]]
[2019.11.18-16.08.57:852][  0]LogConfig: Applying CVar settings from Section [/Script/Engine.GarbageCollectionSettings] File [C:/Users/julia/Documents/UnrealGameProject/UnrealTPS/ThirdPersonProject/GameEngineProjectTPS/Saved/Config/Windows/Engine.ini]
[2019.11.18-16.08.57:852][  0]LogConfig: Setting CVar [[gc.MaxObjectsNotConsideredByGC:1]]
[2019.11.18-16.08.57:852][  0]LogConfig: Setting CVar [[gc.SizeOfPermanentObjectPool:0]]
[2019.11.18-16.08.57:852][  0]LogConfig: Setting CVar [[gc.FlushStreamingOnGC:0]]
[2019.11.18-16.08.57:852][  0]LogConfig: Setting CVar [[gc.NumRetriesBeforeForcingGC:10]]
[2019.11.18-16.08.57:852][  0]LogConfig: Setting CVar [[gc.AllowParallelGC:1]]
[2019.11.18-16.08.57:852][  0]LogConfig: Setting CVar [[gc.TimeBetweenPurgingPendingKillObjects:61.1]]
[2019.11.18-16.08.57:852][  0]LogConfig: Setting CVar [[gc.MaxObjectsInEditor:16777216]]
[2019.11.18-16.08.57:852][  0]LogConfig: Setting CVar [[gc.IncrementalBeginDestroyEnabled:1]]
[2019.11.18-16.08.57:852][  0]LogConfig: Setting CVar [[gc.CreateGCClusters:1]]
[2019.11.18-16.08.57:852][  0]LogConfig: Setting CVar [[gc.MinGCClusterSize:5]]
[2019.11.18-16.08.57:852][  0]LogConfig: Setting CVar [[gc.ActorClusteringEnabled:0]]
[2019.11.18-16.08.57:852][  0]LogConfig: Setting CVar [[gc.BlueprintClusteringEnabled:0]]
[2019.11.18-16.08.57:852][  0]LogConfig: Setting CVar [[gc.UseDisregardForGCOnDedicatedServers:0]]
[2019.11.18-16.08.57:852][  0]LogConfig: Applying CVar settings from Section [/Script/Engine.NetworkSettings] File [C:/Users/julia/Documents/UnrealGameProject/UnrealTPS/ThirdPersonProject/GameEngineProjectTPS/Saved/Config/Windows/Engine.ini]
[2019.11.18-16.08.57:852][  0]LogConfig: Applying CVar settings from Section [/Script/UnrealEd.CookerSettings] File [C:/Users/julia/Documents/UnrealGameProject/UnrealTPS/ThirdPersonProject/GameEngineProjectTPS/Saved/Config/Windows/Engine.ini]
[2019.11.18-16.08.57:854][  0]LogConfig: Applying CVar settings from Section [ViewDistanceQuality@3] File [C:/Users/julia/Documents/UnrealGameProject/UnrealTPS/ThirdPersonProject/GameEngineProjectTPS/Saved/Config/Windows/Scalability.ini]
[2019.11.18-16.08.57:854][  0]LogConfig: Setting CVar [[r.SkeletalMeshLODBias:0]]
[2019.11.18-16.08.57:854][  0]LogConfig: Setting CVar [[r.ViewDistanceScale:1.0]]
[2019.11.18-16.08.57:854][  0]LogConfig: Applying CVar settings from Section [AntiAliasingQuality@3] File [C:/Users/julia/Documents/UnrealGameProject/UnrealTPS/ThirdPersonProject/GameEngineProjectTPS/Saved/Config/Windows/Scalability.ini]
[2019.11.18-16.08.57:854][  0]LogConfig: Setting CVar [[r.PostProcessAAQuality:4]]
[2019.11.18-16.08.57:854][  0]LogConfig: Applying CVar settings from Section [ShadowQuality@3] File [C:/Users/julia/Documents/UnrealGameProject/UnrealTPS/ThirdPersonProject/GameEngineProjectTPS/Saved/Config/Windows/Scalability.ini]
[2019.11.18-16.08.57:854][  0]LogConfig: Setting CVar [[r.LightFunctionQuality:1]]
[2019.11.18-16.08.57:854][  0]LogConfig: Setting CVar [[r.ShadowQuality:5]]
[2019.11.18-16.08.57:854][  0]LogConfig: Setting CVar [[r.Shadow.CSM.MaxCascades:10]]
[2019.11.18-16.08.57:854][  0]LogConfig: Setting CVar [[r.Shadow.MaxResolution:2048]]
[2019.11.18-16.08.57:854][  0]LogConfig: Setting CVar [[r.Shadow.MaxCSMResolution:2048]]
[2019.11.18-16.08.57:854][  0]LogConfig: Setting CVar [[r.Shadow.RadiusThreshold:0.01]]
[2019.11.18-16.08.57:854][  0]LogConfig: Setting CVar [[r.Shadow.DistanceScale:1.0]]
[2019.11.18-16.08.57:854][  0]LogConfig: Setting CVar [[r.Shadow.CSM.TransitionScale:1.0]]
[2019.11.18-16.08.57:854][  0]LogConfig: Setting CVar [[r.Shadow.PreShadowResolutionFactor:1.0]]
[2019.11.18-16.08.57:854][  0]LogConfig: Setting CVar [[r.DistanceFieldShadowing:1]]
[2019.11.18-16.08.57:854][  0]LogConfig: Setting CVar [[r.DistanceFieldAO:1]]
[2019.11.18-16.08.57:854][  0]LogConfig: Setting CVar [[r.AOQuality:2]]
[2019.11.18-16.08.57:854][  0]LogConfig: Setting CVar [[r.VolumetricFog:1]]
[2019.11.18-16.08.57:854][  0]LogConfig: Setting CVar [[r.VolumetricFog.GridPixelSize:8]]
[2019.11.18-16.08.57:854][  0]LogConfig: Setting CVar [[r.VolumetricFog.GridSizeZ:128]]
[2019.11.18-16.08.57:854][  0]LogConfig: Setting CVar [[r.VolumetricFog.HistoryMissSupersampleCount:4]]
[2019.11.18-16.08.57:854][  0]LogConfig: Setting CVar [[r.LightMaxDrawDistanceScale:1]]
[2019.11.18-16.08.57:854][  0]LogConfig: Setting CVar [[r.CapsuleShadows:1]]
[2019.11.18-16.08.57:854][  0]LogConfig: Applying CVar settings from Section [PostProcessQuality@3] File [C:/Users/julia/Documents/UnrealGameProject/UnrealTPS/ThirdPersonProject/GameEngineProjectTPS/Saved/Config/Windows/Scalability.ini]
[2019.11.18-16.08.57:854][  0]LogConfig: Setting CVar [[r.MotionBlurQuality:4]]
[2019.11.18-16.08.57:854][  0]LogConfig: Setting CVar [[r.AmbientOcclusionMipLevelFactor:0.4]]
[2019.11.18-16.08.57:855][  0]LogConfig: Setting CVar [[r.AmbientOcclusionMaxQuality:100]]
[2019.11.18-16.08.57:855][  0]LogConfig: Setting CVar [[r.AmbientOcclusionLevels:-1]]
[2019.11.18-16.08.57:855][  0]LogConfig: Setting CVar [[r.AmbientOcclusionRadiusScale:1.0]]
[2019.11.18-16.08.57:855][  0]LogConfig: Setting CVar [[r.DepthOfFieldQuality:2]]
[2019.11.18-16.08.57:855][  0]LogConfig: Setting CVar [[r.RenderTargetPoolMin:400]]
[2019.11.18-16.08.57:855][  0]LogConfig: Setting CVar [[r.LensFlareQuality:2]]
[2019.11.18-16.08.57:855][  0]LogConfig: Setting CVar [[r.SceneColorFringeQuality:1]]
[2019.11.18-16.08.57:855][  0]LogConfig: Setting CVar [[r.EyeAdaptationQuality:2]]
[2019.11.18-16.08.57:855][  0]LogConfig: Setting CVar [[r.BloomQuality:5]]
[2019.11.18-16.08.57:855][  0]LogConfig: Setting CVar [[r.FastBlurThreshold:100]]
[2019.11.18-16.08.57:855][  0]LogConfig: Setting CVar [[r.Upscale.Quality:3]]
[2019.11.18-16.08.57:855][  0]LogConfig: Setting CVar [[r.Tonemapper.GrainQuantization:1]]
[2019.11.18-16.08.57:855][  0]LogConfig: Setting CVar [[r.LightShaftQuality:1]]
[2019.11.18-16.08.57:855][  0]LogConfig: Setting CVar [[r.Filter.SizeScale:1]]
[2019.11.18-16.08.57:855][  0]LogConfig: Setting CVar [[r.Tonemapper.Quality:5]]
[2019.11.18-16.08.57:855][  0]LogConfig: Setting CVar [[r.DOF.Gather.AccumulatorQuality:1        ; higher gathering accumulator quality]]
[2019.11.18-16.08.57:855][  0]LogConfig: Setting CVar [[r.DOF.Gather.PostfilterMethod:1          ; Median3x3 postfilering method]]
[2019.11.18-16.08.57:855][  0]LogConfig: Setting CVar [[r.DOF.Gather.EnableBokehSettings:0       ; no bokeh simulation when gathering]]
[2019.11.18-16.08.57:855][  0]LogConfig: Setting CVar [[r.DOF.Gather.RingCount:4                 ; medium number of samples when gathering]]
[2019.11.18-16.08.57:855][  0]LogConfig: Setting CVar [[r.DOF.Scatter.ForegroundCompositing:1    ; additive foreground scattering]]
[2019.11.18-16.08.57:855][  0]LogConfig: Setting CVar [[r.DOF.Scatter.BackgroundCompositing:2    ; additive background scattering]]
[2019.11.18-16.08.57:855][  0]LogConfig: Setting CVar [[r.DOF.Scatter.EnableBokehSettings:1      ; bokeh simulation when scattering]]
[2019.11.18-16.08.57:855][  0]LogConfig: Setting CVar [[r.DOF.Scatter.MaxSpriteRatio:0.1         ; only a maximum of 10% of scattered bokeh]]
[2019.11.18-16.08.57:855][  0]LogConfig: Setting CVar [[r.DOF.Recombine.Quality:1                ; cheap slight out of focus]]
[2019.11.18-16.08.57:855][  0]LogConfig: Setting CVar [[r.DOF.Recombine.EnableBokehSettings:0    ; no bokeh simulation on slight out of focus]]
[2019.11.18-16.08.57:855][  0]LogConfig: Setting CVar [[r.DOF.TemporalAAQuality:1                ; more stable temporal accumulation]]
[2019.11.18-16.08.57:855][  0]LogConfig: Setting CVar [[r.DOF.Kernel.MaxForegroundRadius:0.025]]
[2019.11.18-16.08.57:855][  0]LogConfig: Setting CVar [[r.DOF.Kernel.MaxBackgroundRadius:0.025]]
[2019.11.18-16.08.57:855][  0]LogConfig: Applying CVar settings from Section [TextureQuality@3] File [C:/Users/julia/Documents/UnrealGameProject/UnrealTPS/ThirdPersonProject/GameEngineProjectTPS/Saved/Config/Windows/Scalability.ini]
[2019.11.18-16.08.57:855][  0]LogConfig: Setting CVar [[r.Streaming.MipBias:0]]
[2019.11.18-16.08.57:855][  0]LogConfig: Setting CVar [[r.Streaming.AmortizeCPUToGPUCopy:0]]
[2019.11.18-16.08.57:855][  0]LogConfig: Setting CVar [[r.Streaming.MaxNumTexturesToStreamPerFrame:0]]
[2019.11.18-16.08.57:855][  0]LogConfig: Setting CVar [[r.Streaming.Boost:1]]
[2019.11.18-16.08.57:855][  0]LogConfig: Setting CVar [[r.MaxAnisotropy:8]]
[2019.11.18-16.08.57:855][  0]LogConfig: Setting CVar [[r.Streaming.LimitPoolSizeToVRAM:0]]
[2019.11.18-16.08.57:855][  0]LogConfig: Setting CVar [[r.Streaming.PoolSize:1000]]
[2019.11.18-16.08.57:855][  0]LogConfig: Setting CVar [[r.Streaming.MaxEffectiveScreenSize:0]]
[2019.11.18-16.08.57:855][  0]LogConfig: Applying CVar settings from Section [EffectsQuality@3] File [C:/Users/julia/Documents/UnrealGameProject/UnrealTPS/ThirdPersonProject/GameEngineProjectTPS/Saved/Config/Windows/Scalability.ini]
[2019.11.18-16.08.57:855][  0]LogConfig: Setting CVar [[r.TranslucencyLightingVolumeDim:64]]
[2019.11.18-16.08.57:855][  0]LogConfig: Setting CVar [[r.RefractionQuality:2]]
[2019.11.18-16.08.57:855][  0]LogConfig: Setting CVar [[r.SSR.Quality:3]]
[2019.11.18-16.08.57:855][  0]LogConfig: Setting CVar [[r.SceneColorFormat:4]]
[2019.11.18-16.08.57:855][  0]LogConfig: Setting CVar [[r.DetailMode:2]]
[2019.11.18-16.08.57:855][  0]LogConfig: Setting CVar [[r.TranslucencyVolumeBlur:1]]
[2019.11.18-16.08.57:855][  0]LogConfig: Setting CVar [[r.MaterialQualityLevel:1 ; High quality]]
[2019.11.18-16.08.57:855][  0]LogConfig: Setting CVar [[r.SSS.Scale:1]]
[2019.11.18-16.08.57:855][  0]LogConfig: Setting CVar [[r.SSS.SampleSet:2]]
[2019.11.18-16.08.57:855][  0]LogConfig: Setting CVar [[r.SSS.Quality:1]]
[2019.11.18-16.08.57:855][  0]LogConfig: Setting CVar [[r.SSS.HalfRes:1]]
[2019.11.18-16.08.57:855][  0]LogConfig: Setting CVar [[r.EmitterSpawnRateScale:1.0]]
[2019.11.18-16.08.57:855][  0]LogConfig: Setting CVar [[r.ParticleLightQuality:2]]
[2019.11.18-16.08.57:855][  0]LogConfig: Applying CVar settings from Section [FoliageQuality@3] File [C:/Users/julia/Documents/UnrealGameProject/UnrealTPS/ThirdPersonProject/GameEngineProjectTPS/Saved/Config/Windows/Scalability.ini]
[2019.11.18-16.08.57:855][  0]LogConfig: Setting CVar [[foliage.DensityScale:1.0]]
[2019.11.18-16.08.57:855][  0]LogConfig: Setting CVar [[grass.DensityScale:1.0]]
[2019.11.18-16.08.57:855][  0]LogInit: Selected Device Profile: [Windows]
[2019.11.18-16.08.57:855][  0]LogInit: Applying CVar settings loaded from the selected device profile: [Windows]
[2019.11.18-16.08.57:869][  0]LogHAL: Display: Platform has ~ 8 GB [8465596416 / 8589934592 / 8], which maps to Default [LargestMinGB=32, LargerMinGB=12, DefaultMinGB=8, SmallerMinGB=6, SmallestMinGB=0)
[2019.11.18-16.08.57:869][  0]LogConfig: Setting CVar [[r.Vulkan.UseRealUBs:0		; Required until we fix HLR fall-out]]
[2019.11.18-16.08.57:869][  0]LogInit: Going up to parent DeviceProfile []
[2019.11.18-16.08.57:869][  0]LogConfig: Applying CVar settings from Section [ViewDistanceQuality@3] File [C:/Users/julia/Documents/UnrealGameProject/UnrealTPS/ThirdPersonProject/GameEngineProjectTPS/Saved/Config/Windows/Scalability.ini]
[2019.11.18-16.08.57:869][  0]LogConfig: Setting CVar [[r.SkeletalMeshLODBias:0]]
[2019.11.18-16.08.57:869][  0]LogConfig: Setting CVar [[r.ViewDistanceScale:1.0]]
[2019.11.18-16.08.57:869][  0]LogConfig: Applying CVar settings from Section [AntiAliasingQuality@3] File [C:/Users/julia/Documents/UnrealGameProject/UnrealTPS/ThirdPersonProject/GameEngineProjectTPS/Saved/Config/Windows/Scalability.ini]
[2019.11.18-16.08.57:869][  0]LogConfig: Setting CVar [[r.PostProcessAAQuality:4]]
[2019.11.18-16.08.57:869][  0]LogConfig: Applying CVar settings from Section [ShadowQuality@3] File [C:/Users/julia/Documents/UnrealGameProject/UnrealTPS/ThirdPersonProject/GameEngineProjectTPS/Saved/Config/Windows/Scalability.ini]
[2019.11.18-16.08.57:869][  0]LogConfig: Setting CVar [[r.LightFunctionQuality:1]]
[2019.11.18-16.08.57:869][  0]LogConfig: Setting CVar [[r.ShadowQuality:5]]
[2019.11.18-16.08.57:869][  0]LogConfig: Setting CVar [[r.Shadow.CSM.MaxCascades:10]]
[2019.11.18-16.08.57:869][  0]LogConfig: Setting CVar [[r.Shadow.MaxResolution:2048]]
[2019.11.18-16.08.57:869][  0]LogConfig: Setting CVar [[r.Shadow.MaxCSMResolution:2048]]
[2019.11.18-16.08.57:869][  0]LogConfig: Setting CVar [[r.Shadow.RadiusThreshold:0.01]]
[2019.11.18-16.08.57:869][  0]LogConfig: Setting CVar [[r.Shadow.DistanceScale:1.0]]
[2019.11.18-16.08.57:869][  0]LogConfig: Setting CVar [[r.Shadow.CSM.TransitionScale:1.0]]
[2019.11.18-16.08.57:869][  0]LogConfig: Setting CVar [[r.Shadow.PreShadowResolutionFactor:1.0]]
[2019.11.18-16.08.57:869][  0]LogConfig: Setting CVar [[r.DistanceFieldShadowing:1]]
[2019.11.18-16.08.57:870][  0]LogConfig: Setting CVar [[r.DistanceFieldAO:1]]
[2019.11.18-16.08.57:870][  0]LogConfig: Setting CVar [[r.AOQuality:2]]
[2019.11.18-16.08.57:870][  0]LogConfig: Setting CVar [[r.VolumetricFog:1]]
[2019.11.18-16.08.57:870][  0]LogConfig: Setting CVar [[r.VolumetricFog.GridPixelSize:8]]
[2019.11.18-16.08.57:870][  0]LogConfig: Setting CVar [[r.VolumetricFog.GridSizeZ:128]]
[2019.11.18-16.08.57:870][  0]LogConfig: Setting CVar [[r.VolumetricFog.HistoryMissSupersampleCount:4]]
[2019.11.18-16.08.57:870][  0]LogConfig: Setting CVar [[r.LightMaxDrawDistanceScale:1]]
[2019.11.18-16.08.57:870][  0]LogConfig: Setting CVar [[r.CapsuleShadows:1]]
[2019.11.18-16.08.57:870][  0]LogConfig: Applying CVar settings from Section [PostProcessQuality@3] File [C:/Users/julia/Documents/UnrealGameProject/UnrealTPS/ThirdPersonProject/GameEngineProjectTPS/Saved/Config/Windows/Scalability.ini]
[2019.11.18-16.08.57:870][  0]LogConfig: Setting CVar [[r.MotionBlurQuality:4]]
[2019.11.18-16.08.57:870][  0]LogConfig: Setting CVar [[r.AmbientOcclusionMipLevelFactor:0.4]]
[2019.11.18-16.08.57:870][  0]LogConfig: Setting CVar [[r.AmbientOcclusionMaxQuality:100]]
[2019.11.18-16.08.57:870][  0]LogConfig: Setting CVar [[r.AmbientOcclusionLevels:-1]]
[2019.11.18-16.08.57:870][  0]LogConfig: Setting CVar [[r.AmbientOcclusionRadiusScale:1.0]]
[2019.11.18-16.08.57:870][  0]LogConfig: Setting CVar [[r.DepthOfFieldQuality:2]]
[2019.11.18-16.08.57:870][  0]LogConfig: Setting CVar [[r.RenderTargetPoolMin:400]]
[2019.11.18-16.08.57:870][  0]LogConfig: Setting CVar [[r.LensFlareQuality:2]]
[2019.11.18-16.08.57:870][  0]LogConfig: Setting CVar [[r.SceneColorFringeQuality:1]]
[2019.11.18-16.08.57:870][  0]LogConfig: Setting CVar [[r.EyeAdaptationQuality:2]]
[2019.11.18-16.08.57:870][  0]LogConfig: Setting CVar [[r.BloomQuality:5]]
[2019.11.18-16.08.57:870][  0]LogConfig: Setting CVar [[r.FastBlurThreshold:100]]
[2019.11.18-16.08.57:870][  0]LogConfig: Setting CVar [[r.Upscale.Quality:3]]
[2019.11.18-16.08.57:870][  0]LogConfig: Setting CVar [[r.Tonemapper.GrainQuantization:1]]
[2019.11.18-16.08.57:870][  0]LogConfig: Setting CVar [[r.LightShaftQuality:1]]
[2019.11.18-16.08.57:870][  0]LogConfig: Setting CVar [[r.Filter.SizeScale:1]]
[2019.11.18-16.08.57:870][  0]LogConfig: Setting CVar [[r.Tonemapper.Quality:5]]
[2019.11.18-16.08.57:870][  0]LogConfig: Setting CVar [[r.DOF.Gather.AccumulatorQuality:1        ; higher gathering accumulator quality]]
[2019.11.18-16.08.57:870][  0]LogConfig: Setting CVar [[r.DOF.Gather.PostfilterMethod:1          ; Median3x3 postfilering method]]
[2019.11.18-16.08.57:870][  0]LogConfig: Setting CVar [[r.DOF.Gather.EnableBokehSettings:0       ; no bokeh simulation when gathering]]
[2019.11.18-16.08.57:870][  0]LogConfig: Setting CVar [[r.DOF.Gather.RingCount:4                 ; medium number of samples when gathering]]
[2019.11.18-16.08.57:870][  0]LogConfig: Setting CVar [[r.DOF.Scatter.ForegroundCompositing:1    ; additive foreground scattering]]
[2019.11.18-16.08.57:870][  0]LogConfig: Setting CVar [[r.DOF.Scatter.BackgroundCompositing:2    ; additive background scattering]]
[2019.11.18-16.08.57:870][  0]LogConfig: Setting CVar [[r.DOF.Scatter.EnableBokehSettings:1      ; bokeh simulation when scattering]]
[2019.11.18-16.08.57:870][  0]LogConfig: Setting CVar [[r.DOF.Scatter.MaxSpriteRatio:0.1         ; only a maximum of 10% of scattered bokeh]]
[2019.11.18-16.08.57:870][  0]LogConfig: Setting CVar [[r.DOF.Recombine.Quality:1                ; cheap slight out of focus]]
[2019.11.18-16.08.57:870][  0]LogConfig: Setting CVar [[r.DOF.Recombine.EnableBokehSettings:0    ; no bokeh simulation on slight out of focus]]
[2019.11.18-16.08.57:870][  0]LogConfig: Setting CVar [[r.DOF.TemporalAAQuality:1                ; more stable temporal accumulation]]
[2019.11.18-16.08.57:870][  0]LogConfig: Setting CVar [[r.DOF.Kernel.MaxForegroundRadius:0.025]]
[2019.11.18-16.08.57:870][  0]LogConfig: Setting CVar [[r.DOF.Kernel.MaxBackgroundRadius:0.025]]
[2019.11.18-16.08.57:870][  0]LogConfig: Applying CVar settings from Section [TextureQuality@3] File [C:/Users/julia/Documents/UnrealGameProject/UnrealTPS/ThirdPersonProject/GameEngineProjectTPS/Saved/Config/Windows/Scalability.ini]
[2019.11.18-16.08.57:870][  0]LogConfig: Setting CVar [[r.Streaming.MipBias:0]]
[2019.11.18-16.08.57:870][  0]LogConfig: Setting CVar [[r.Streaming.AmortizeCPUToGPUCopy:0]]
[2019.11.18-16.08.57:870][  0]LogConfig: Setting CVar [[r.Streaming.MaxNumTexturesToStreamPerFrame:0]]
[2019.11.18-16.08.57:870][  0]LogConfig: Setting CVar [[r.Streaming.Boost:1]]
[2019.11.18-16.08.57:870][  0]LogConfig: Setting CVar [[r.MaxAnisotropy:8]]
[2019.11.18-16.08.57:870][  0]LogConfig: Setting CVar [[r.Streaming.LimitPoolSizeToVRAM:0]]
[2019.11.18-16.08.57:870][  0]LogConfig: Setting CVar [[r.Streaming.PoolSize:1000]]
[2019.11.18-16.08.57:870][  0]LogConfig: Setting CVar [[r.Streaming.MaxEffectiveScreenSize:0]]
[2019.11.18-16.08.57:870][  0]LogConfig: Applying CVar settings from Section [EffectsQuality@3] File [C:/Users/julia/Documents/UnrealGameProject/UnrealTPS/ThirdPersonProject/GameEngineProjectTPS/Saved/Config/Windows/Scalability.ini]
[2019.11.18-16.08.57:870][  0]LogConfig: Setting CVar [[r.TranslucencyLightingVolumeDim:64]]
[2019.11.18-16.08.57:870][  0]LogConfig: Setting CVar [[r.RefractionQuality:2]]
[2019.11.18-16.08.57:870][  0]LogConfig: Setting CVar [[r.SSR.Quality:3]]
[2019.11.18-16.08.57:870][  0]LogConfig: Setting CVar [[r.SceneColorFormat:4]]
[2019.11.18-16.08.57:870][  0]LogConfig: Setting CVar [[r.DetailMode:2]]
[2019.11.18-16.08.57:870][  0]LogConfig: Setting CVar [[r.TranslucencyVolumeBlur:1]]
[2019.11.18-16.08.57:870][  0]LogConfig: Setting CVar [[r.MaterialQualityLevel:1 ; High quality]]
[2019.11.18-16.08.57:870][  0]LogConfig: Setting CVar [[r.SSS.Scale:1]]
[2019.11.18-16.08.57:870][  0]LogConfig: Setting CVar [[r.SSS.SampleSet:2]]
[2019.11.18-16.08.57:870][  0]LogConfig: Setting CVar [[r.SSS.Quality:1]]
[2019.11.18-16.08.57:870][  0]LogConfig: Setting CVar [[r.SSS.HalfRes:1]]
[2019.11.18-16.08.57:870][  0]LogConfig: Setting CVar [[r.EmitterSpawnRateScale:1.0]]
[2019.11.18-16.08.57:870][  0]LogConfig: Setting CVar [[r.ParticleLightQuality:2]]
[2019.11.18-16.08.57:870][  0]LogConfig: Applying CVar settings from Section [FoliageQuality@3] File [C:/Users/julia/Documents/UnrealGameProject/UnrealTPS/ThirdPersonProject/GameEngineProjectTPS/Saved/Config/Windows/Scalability.ini]
[2019.11.18-16.08.57:870][  0]LogConfig: Setting CVar [[foliage.DensityScale:1.0]]
[2019.11.18-16.08.57:870][  0]LogConfig: Setting CVar [[grass.DensityScale:1.0]]
[2019.11.18-16.08.57:870][  0]LogConfig: Applying CVar settings from Section [Startup] File [../../../Engine/Config/ConsoleVariables.ini]
[2019.11.18-16.08.57:871][  0]LogConfig: Setting CVar [[net.UseAdaptiveNetUpdateFrequency:0]]
[2019.11.18-16.08.57:871][  0]LogConfig: Setting CVar [[p.chaos.AllowCreatePhysxBodies:1]]
[2019.11.18-16.08.57:871][  0]LogConfig: Applying CVar settings from Section [ConsoleVariables] File [C:/Users/julia/Documents/UnrealGameProject/UnrealTPS/ThirdPersonProject/GameEngineProjectTPS/Saved/Config/Windows/Engine.ini]
[2019.11.18-16.08.57:871][  0]LogInit: Computer: DESKTOP-GANUJ25
[2019.11.18-16.08.57:871][  0]LogInit: User: julia
[2019.11.18-16.08.57:871][  0]LogInit: CPU Page size=4096, Cores=2
[2019.11.18-16.08.57:871][  0]LogInit: High frequency timer resolution =10.000000 MHz
[2019.11.18-16.08.57:871][  0]LogMemory: Memory total: Physical=7.9GB (8GB approx)
[2019.11.18-16.08.57:871][  0]LogMemory: Platform Memory Stats for Windows
[2019.11.18-16.08.57:871][  0]LogMemory: Process Physical Memory: 99.65 MB used, 99.65 MB peak
[2019.11.18-16.08.57:871][  0]LogMemory: Process Virtual Memory: 87.32 MB used, 87.32 MB peak
[2019.11.18-16.08.57:871][  0]LogMemory: Physical Memory: 4594.91 MB used,  3478.52 MB free, 8073.42 MB total
[2019.11.18-16.08.57:871][  0]LogMemory: Virtual Memory: 4624.58 MB used,  134213104.00 MB free, 134217728.00 MB total
[2019.11.18-16.08.57:889][  0]LogInit: Using OS detected language (en-US).
[2019.11.18-16.08.57:889][  0]LogInit: Using OS detected locale (en-CA).
[2019.11.18-16.08.57:890][  0]LogTextLocalizationManager: No specific localization for 'en-US' exists, so the 'en' localization will be used.
[2019.11.18-16.08.58:049][  0]LogInit: Setting process to per monitor DPI aware
[2019.11.18-16.08.58:091][  0]LogSlate: New Slate User Created.  User Index 0, Is Virtual User: 0
[2019.11.18-16.08.58:091][  0]LogSlate: Slate User Registered.  User Index 0, Is Virtual User: 0
[2019.11.18-16.08.58:351][  0]LogHMD: Failed to initialize OpenVR with code 110
[2019.11.18-16.08.58:351][  0]LogD3D11RHI: D3D11 adapters:
[2019.11.18-16.08.58:422][  0]LogD3D11RHI:    0. 'NVIDIA GeForce 920MX' (Feature Level 11_0)
[2019.11.18-16.08.58:422][  0]LogD3D11RHI:       2010/0/4036 MB DedicatedVideo/DedicatedSystem/SharedSystem, Outputs:1, VendorId:0x10de
[2019.11.18-16.08.58:432][  0]LogD3D11RHI:    1. 'Intel(R) HD Graphics 620' (Feature Level 11_0)
[2019.11.18-16.08.58:433][  0]LogD3D11RHI:       128/0/4036 MB DedicatedVideo/DedicatedSystem/SharedSystem, Outputs:0, VendorId:0x8086
[2019.11.18-16.08.58:435][  0]LogD3D11RHI:    2. 'Microsoft Basic Render Driver' (Feature Level 11_0)
[2019.11.18-16.08.58:435][  0]LogD3D11RHI:       0/0/4036 MB DedicatedVideo/DedicatedSystem/SharedSystem, Outputs:0, VendorId:0x1414
[2019.11.18-16.08.58:435][  0]LogD3D11RHI: Chosen D3D11 Adapter: 0
[2019.11.18-16.08.58:466][  0]LogD3D11RHI: Creating new Direct3DDevice
[2019.11.18-16.08.58:466][  0]LogD3D11RHI:     GPU DeviceId: 0x134f (for the marketing name, search the web for "GPU Device Id")
[2019.11.18-16.08.58:466][  0]LogWindows: EnumDisplayDevices:
[2019.11.18-16.08.58:466][  0]LogWindows:    0. 'Intel(R) HD Graphics 620' (P:1 D:1)
[2019.11.18-16.08.58:467][  0]LogWindows:    1. 'Intel(R) HD Graphics 620' (P:0 D:0)
[2019.11.18-16.08.58:467][  0]LogWindows:    2. 'Intel(R) HD Graphics 620' (P:0 D:0)
[2019.11.18-16.08.58:467][  0]LogWindows: DebugString: PrimaryIsNotTheChoosenAdapter PrimaryIsNotTheChoosenAdapter PrimaryIsNotTheChoosenAdapter FoundDriverCount:0 
[2019.11.18-16.08.58:467][  0]LogD3D11RHI:     Adapter Name: NVIDIA GeForce 920MX
[2019.11.18-16.08.58:467][  0]LogD3D11RHI:   Driver Version: Unknown (internal:Unknown, unified:Unknown)
[2019.11.18-16.08.58:467][  0]LogD3D11RHI:      Driver Date: Unknown
[2019.11.18-16.08.58:467][  0]LogRHI: Texture pool is 1407 MB (70% of 2010 MB)
[2019.11.18-16.08.58:516][  0]LogD3D11RHI: Async texture creation enabled
[2019.11.18-16.08.58:521][  0]LogRendererCore: FGlobalReadBuffer::InitRHI
[2019.11.18-16.08.58:521][  0]LogRendererCore: FGlobalReadBuffer::InitRHI
[2019.11.18-16.08.58:521][  0]LogRendererCore: FGlobalReadBuffer::InitRHI
[2019.11.18-16.08.58:536][  0]LogD3D11RHI: GPU Timing Frequency: 1000.000000 (Debug: 2 2)
[2019.11.18-16.09.13:859][  0]LogTemp: Display: Module 'AllDesktopTargetPlatform' loaded TargetPlatform 'AllDesktop'
[2019.11.18-16.09.13:872][  0]LogTemp: Display: Module 'MacClientTargetPlatform' loaded TargetPlatform 'MacClient'
[2019.11.18-16.09.13:886][  0]LogTemp: Display: Module 'MacNoEditorTargetPlatform' loaded TargetPlatform 'MacNoEditor'
[2019.11.18-16.09.13:899][  0]LogTemp: Display: Module 'MacServerTargetPlatform' loaded TargetPlatform 'MacServer'
[2019.11.18-16.09.13:912][  0]LogTemp: Display: Module 'MacTargetPlatform' loaded TargetPlatform 'Mac'
[2019.11.18-16.09.13:925][  0]LogTemp: Display: Module 'WindowsClientTargetPlatform' loaded TargetPlatform 'WindowsClient'
[2019.11.18-16.09.13:939][  0]LogTemp: Display: Module 'WindowsNoEditorTargetPlatform' loaded TargetPlatform 'WindowsNoEditor'
[2019.11.18-16.09.13:953][  0]LogTemp: Display: Module 'WindowsServerTargetPlatform' loaded TargetPlatform 'WindowsServer'
[2019.11.18-16.09.13:959][  0]LogTemp: Display: Module 'WindowsTargetPlatform' loaded TargetPlatform 'Windows'
[2019.11.18-16.09.14:040][  0]LogTemp: Display: Module 'AndroidTargetPlatform' loaded TargetPlatform 'Android'
[2019.11.18-16.09.14:040][  0]LogTemp: Display: Module 'AndroidTargetPlatform' loaded TargetPlatform 'Android_ASTC'
[2019.11.18-16.09.14:040][  0]LogTemp: Display: Module 'AndroidTargetPlatform' loaded TargetPlatform 'Android_ATC'
[2019.11.18-16.09.14:040][  0]LogTemp: Display: Module 'AndroidTargetPlatform' loaded TargetPlatform 'Android_DXT'
[2019.11.18-16.09.14:040][  0]LogTemp: Display: Module 'AndroidTargetPlatform' loaded TargetPlatform 'Android_ETC1'
[2019.11.18-16.09.14:040][  0]LogTemp: Display: Module 'AndroidTargetPlatform' loaded TargetPlatform 'Android_ETC1a'
[2019.11.18-16.09.14:040][  0]LogTemp: Display: Module 'AndroidTargetPlatform' loaded TargetPlatform 'Android_ETC2'
[2019.11.18-16.09.14:040][  0]LogTemp: Display: Module 'AndroidTargetPlatform' loaded TargetPlatform 'Android_PVRTC'
[2019.11.18-16.09.14:040][  0]LogTemp: Display: Module 'AndroidTargetPlatform' loaded TargetPlatform 'AndroidClient'
[2019.11.18-16.09.14:040][  0]LogTemp: Display: Module 'AndroidTargetPlatform' loaded TargetPlatform 'Android_ASTCClient'
[2019.11.18-16.09.14:040][  0]LogTemp: Display: Module 'AndroidTargetPlatform' loaded TargetPlatform 'Android_ATCClient'
[2019.11.18-16.09.14:040][  0]LogTemp: Display: Module 'AndroidTargetPlatform' loaded TargetPlatform 'Android_DXTClient'
[2019.11.18-16.09.14:040][  0]LogTemp: Display: Module 'AndroidTargetPlatform' loaded TargetPlatform 'Android_ETC1Client'
[2019.11.18-16.09.14:040][  0]LogTemp: Display: Module 'AndroidTargetPlatform' loaded TargetPlatform 'Android_ETC1aClient'
[2019.11.18-16.09.14:040][  0]LogTemp: Display: Module 'AndroidTargetPlatform' loaded TargetPlatform 'Android_ETC2Client'
[2019.11.18-16.09.14:040][  0]LogTemp: Display: Module 'AndroidTargetPlatform' loaded TargetPlatform 'Android_PVRTCClient'
[2019.11.18-16.09.14:040][  0]LogTemp: Display: Module 'AndroidTargetPlatform' loaded TargetPlatform 'Android_Multi'
[2019.11.18-16.09.14:040][  0]LogTemp: Display: Module 'AndroidTargetPlatform' loaded TargetPlatform 'Android_MultiClient'
[2019.11.18-16.09.14:042][  0]LogTemp: Display: Module 'HTML5TargetPlatform' loaded TargetPlatform 'HTML5'
[2019.11.18-16.09.14:090][  0]LogTemp: Display: Module 'IOSTargetPlatform' loaded TargetPlatform 'IOSClient'
[2019.11.18-16.09.14:090][  0]LogTemp: Display: Module 'IOSTargetPlatform' loaded TargetPlatform 'IOS'
[2019.11.18-16.09.14:113][  0]LogTemp: Display: Module 'TVOSTargetPlatform' loaded TargetPlatform 'TVOSClient'
[2019.11.18-16.09.14:114][  0]LogTemp: Display: Module 'TVOSTargetPlatform' loaded TargetPlatform 'TVOS'
[2019.11.18-16.09.14:126][  0]LogTemp: Display: Module 'LinuxClientTargetPlatform' loaded TargetPlatform 'LinuxClient'
[2019.11.18-16.09.14:138][  0]LogTemp: Display: Module 'LinuxNoEditorTargetPlatform' loaded TargetPlatform 'LinuxNoEditor'
[2019.11.18-16.09.14:150][  0]LogTemp: Display: Module 'LinuxServerTargetPlatform' loaded TargetPlatform 'LinuxServer'
[2019.11.18-16.09.14:163][  0]LogTemp: Display: Module 'LinuxTargetPlatform' loaded TargetPlatform 'Linux'
[2019.11.18-16.09.14:208][  0]LogTemp: Display: Module 'LuminTargetPlatform' loaded TargetPlatform 'Lumin'
[2019.11.18-16.09.14:208][  0]LogTemp: Display: Module 'LuminTargetPlatform' loaded TargetPlatform 'LuminClient'
[2019.11.18-16.09.14:208][  0]LogTargetPlatformManager: Display: Building Assets For Windows
[2019.11.18-16.09.14:216][  0]LogAudioDebug: Display: Lib vorbis DLL was dynamically loaded.
[2019.11.18-16.09.14:263][  0]LogShaderCompilers: Guid format shader working directory is -61 characters bigger than the processId version (../../../../../../Users/julia/Documents/UnrealGameProject/UnrealTPS/ThirdPersonProject/GameEngineProjectTPS/Intermediate/Shaders/WorkingDirectory/9772/).
[2019.11.18-16.09.14:263][  0]LogShaderCompilers: Cleaned the shader compiler working directory 'C:/Users/julia/AppData/Local/Temp/UnrealShaderWorkingDir/3BBBC3BB496BF1FD51965CA9ED14C2F4/'.
[2019.11.18-16.09.14:265][  0]LogXGEController: Cannot use XGE Controller as Incredibuild is not installed on this machine.
[2019.11.18-16.09.14:266][  0]LogShaderCompilers: Cannot use XGE Shader Compiler as Incredibuild is not installed on this machine.
[2019.11.18-16.09.14:266][  0]LogShaderCompilers: Display: Using Local Shader Compiler.
[2019.11.18-16.09.14:803][  0]LogDerivedDataCache: Display: Max Cache Size: 512 MB
[2019.11.18-16.09.14:849][  0]LogDerivedDataCache: Loaded boot cache 0.05s 75MB C:/Users/julia/AppData/Local/UnrealEngine/4.22/DerivedDataCache/Boot.ddc.
[2019.11.18-16.09.14:849][  0]LogDerivedDataCache: Display: Loaded Boot cache: C:/Users/julia/AppData/Local/UnrealEngine/4.22/DerivedDataCache/Boot.ddc
[2019.11.18-16.09.14:849][  0]LogDerivedDataCache: FDerivedDataBackendGraph:  Pak pak cache file ../../../../../../Users/julia/Documents/UnrealGameProject/UnrealTPS/ThirdPersonProject/GameEngineProjectTPS/DerivedDataCache/DDC.ddp not found, will not use a pak cache.
[2019.11.18-16.09.14:849][  0]LogDerivedDataCache: Unable to find inner node Pak for hierarchical cache Hierarchy.
[2019.11.18-16.09.14:849][  0]LogDerivedDataCache: FDerivedDataBackendGraph:  CompressedPak pak cache file ../../../../../../Users/julia/Documents/UnrealGameProject/UnrealTPS/ThirdPersonProject/GameEngineProjectTPS/DerivedDataCache/Compressed.ddp not found, will not use a pak cache.
[2019.11.18-16.09.14:849][  0]LogDerivedDataCache: Unable to find inner node CompressedPak for hierarchical cache Hierarchy.
[2019.11.18-16.09.14:862][  0]LogDerivedDataCache: Display: Pak cache opened for reading ../../../Engine/DerivedDataCache/Compressed.ddp.
[2019.11.18-16.09.14:862][  0]LogDerivedDataCache: FDerivedDataBackendGraph:  EnterprisePak pak cache file ../../../Enterprise/DerivedDataCache/Compressed.ddp not found, will not use a pak cache.
[2019.11.18-16.09.14:862][  0]LogDerivedDataCache: Unable to find inner node EnterprisePak for hierarchical cache Hierarchy.
[2019.11.18-16.09.14:874][  0]LogDerivedDataCache: Using Local data cache path C:/Users/julia/AppData/Local/UnrealEngine/Common/DerivedDataCache: Writable
[2019.11.18-16.09.14:874][  0]LogDerivedDataCache: Shared data cache path not found in *engine.ini, will not use an Shared cache.
[2019.11.18-16.09.14:874][  0]LogDerivedDataCache: Unable to find inner node Shared for hierarchical cache Hierarchy.
[2019.11.18-16.09.14:896][  0]LogMaterial: Verifying Global Shaders for PCD3D_SM5
[2019.11.18-16.09.14:897][  0]LogSlate: Using FreeType 2.6.0
[2019.11.18-16.09.14:897][  0]LogSlate: SlateFontServices - WITH_FREETYPE: 1, WITH_HARFBUZZ: 1
[2019.11.18-16.09.15:497][  0]LogAssetRegistry: FAssetRegistry took 0.0331 seconds to start up
[2019.11.18-16.09.15:864][  0]LogInit: Selected Device Profile: [Windows]
[2019.11.18-16.09.16:017][  0]LogMeshReduction: Using QuadricMeshReduction for automatic static mesh reduction
[2019.11.18-16.09.16:017][  0]LogMeshReduction: Using SimplygonMeshReduction for automatic skeletal mesh reduction
[2019.11.18-16.09.16:017][  0]LogMeshReduction: Using ProxyLODMeshReduction for automatic mesh merging
[2019.11.18-16.09.16:017][  0]LogMeshReduction: No distributed automatic mesh merging module available
[2019.11.18-16.09.16:017][  0]LogMeshMerging: No distributed automatic mesh merging module available
[2019.11.18-16.09.16:029][  0]LogNetVersion: GameEngineProjectTPS 1.0.0, NetCL: 5660361, EngineNetVer: 10, GameNetVer: 0 (Checksum: 2396041640)
[2019.11.18-16.09.16:480][  0]LogPackageLocalizationCache: Processed 10 localized package path(s) for 1 prioritized culture(s) in 0.049120 seconds
[2019.11.18-16.09.16:488][  0]LogUObjectArray: 42205 objects as part of root set at end of initial load.
[2019.11.18-16.09.16:488][  0]LogUObjectAllocator: 7325032 out of 0 bytes used by permanent object pool.
[2019.11.18-16.09.16:488][  0]LogUObjectArray: CloseDisregardForGC: 0/0 objects in disregard for GC pool
[2019.11.18-16.09.17:522][  0]LogTcpMessaging: Initializing TcpMessaging bridge
[2019.11.18-16.09.17:539][  0]LogUdpMessaging: Initializing bridge on interface 0.0.0.0:0 to multicast group 230.0.0.1:6666.
[2019.11.18-16.09.17:965][  0]SourceControl: Source control is disabled
[2019.11.18-16.09.17:965][  0]SourceControl: Source control is disabled
[2019.11.18-16.09.17:968][  0]SourceControl: Source control is disabled
[2019.11.18-16.09.17:970][  0]SourceControl: Source control is disabled
[2019.11.18-16.09.18:093][  0]LogAndroidPermission: UAndroidPermissionCallbackProxy::GetInstance
[2019.11.18-16.09.18:185][  0]LogOcInput: OculusInput pre-init called
[2019.11.18-16.09.18:918][  0]LogEngine: Initializing Engine...
[2019.11.18-16.09.18:919][  0]LogHMD: Failed to initialize OpenVR with code 110
[2019.11.18-16.09.18:921][  0]LogStats: UGameplayTagsManager::InitializeManager -  0.000 s
[2019.11.18-16.09.19:172][  0]LogInit: Initializing FReadOnlyCVARCache
[2019.11.18-16.09.19:187][  0]LogAIModule: Creating AISystem for world Untitled
[2019.11.18-16.09.19:207][  0]LogInit: XAudio2 using 'Speakers (2- Realtek High Definition Audio)' : 2 channels at 48 kHz using 32 bits per sample (channel mask 0x3)
[2019.11.18-16.09.19:360][  0]LogInit: FAudioDevice initialized.
[2019.11.18-16.09.19:360][  0]LogNetVersion: Set ProjectVersion to 1.0.0.0. Version Checksum will be recalculated on next use.
[2019.11.18-16.09.19:438][  0]LogDerivedDataCache: Saved boot cache 0.08s 75MB C:/Users/julia/AppData/Local/UnrealEngine/4.22/DerivedDataCache/Boot.ddc.
[2019.11.18-16.09.19:453][  0]LogInit: Texture streaming: Enabled
[2019.11.18-16.09.19:483][  0]LogEngineSessionManager: EngineSessionManager initialized
[2019.11.18-16.09.19:523][  0]LogInit: Transaction tracking system initialized
[2019.11.18-16.09.19:572][  0]BlueprintLog: New page: Editor Load
[2019.11.18-16.09.19:701][  0]LocalizationService: Localization service is disabled
[2019.11.18-16.09.20:055][  0]LogFileCache: Scanning file cache for directory 'C:/Users/julia/Documents/UnrealGameProject/UnrealTPS/ThirdPersonProject/GameEngineProjectTPS/Content/' took 0.02s
[2019.11.18-16.09.20:055][  0]LogCook: Display: Max memory allowance for cook 16384mb min free memory 0mb
[2019.11.18-16.09.20:055][  0]LogCook: Display: Mobile HDR setting 1
[2019.11.18-16.09.20:268][  0]SourceControl: Source control is disabled
[2019.11.18-16.09.20:268][  0]LightingResults: New page: Lighting Build
[2019.11.18-16.09.20:271][  0]MapCheck: New page: Map Check
[2019.11.18-16.09.20:271][  0]LightingResults: New page: Lighting Build
[2019.11.18-16.09.20:300][  0]LogUObjectHash: Compacting FUObjectHashTables data took   2.15ms
[2019.11.18-16.09.20:600][  0]LogBlueprint: Error: [Compiler BP_Player] In use pin  Transform  no longer exists on node  Get Knocked Back . Please refresh node or break links to remove pin.
[2019.11.18-16.09.20:659][  0]LogBlueprint: Warning: [Compiler BP_Player] [0024.23] Compile of BP_Player failed. 1 Fatal Issue(s) 0 Warning(s) [in 148 ms] (/Game/Phil/Player/BP_Player.BP_Player)
[2019.11.18-16.09.27:658][  0]LogTexture: Display: Building textures: T_Mutant2_D (AutoDXT, 2048X2048)
[2019.11.18-16.09.27:658][  0]LogMaterial: Display: Missing cached shader map for material M_Mutant2Fresnel, compiling. 
[2019.11.18-16.09.27:803][  0]LogShaderCompilers: Display: Shaders left to compile 60
[2019.11.18-16.09.27:803][  0]LogShaderCompilers: Display: Shaders left to compile 50
[2019.11.18-16.09.27:803][  0]LogShaderCompilers: Display: Shaders left to compile 40
[2019.11.18-16.09.28:107][  0]LogMaterial: Display: Missing cached shader map for material M_Bullet, compiling. 
[2019.11.18-16.09.28:265][  0]LogAnimationCompression: Building Anim DDC data for AnimSequence /Game/Phil/Mutant/Animations/A_MutantSleeping.A_MutantSleeping
[2019.11.18-16.09.28:266][  0]LogAnimationCompression: Recompressing (AnimSequence /Game/Phil/Mutant/Animations/A_MutantSleeping.A_MutantSleeping) using current/default (AnimCompress_BitwiseCompressOnly_1) bFirstRecompressUsingCurrentOrDefault(1) bTryAlternateCompressor(0) IsCompressedDataValid(0)
[2019.11.18-16.09.28:665][  0]LogAnimationCompression: Building Anim DDC data for AnimSequence /Game/Phil/RangedMutant/Animations/A_RangedMutantAttack.A_RangedMutantAttack
[2019.11.18-16.09.28:665][  0]LogAnimationCompression: Recompressing (AnimSequence /Game/Phil/RangedMutant/Animations/A_RangedMutantAttack.A_RangedMutantAttack) using current/default (AnimCompress_BitwiseCompressOnly_1) bFirstRecompressUsingCurrentOrDefault(1) bTryAlternateCompressor(0) IsCompressedDataValid(0)
[2019.11.18-16.09.28:842][  0]LogAnimationCompression: Building Anim DDC data for AnimSequence /Game/Phil/RangedMutant/Animations/A_RangedMutantIdle.A_RangedMutantIdle
[2019.11.18-16.09.28:842][  0]LogAnimationCompression: Recompressing (AnimSequence /Game/Phil/RangedMutant/Animations/A_RangedMutantIdle.A_RangedMutantIdle) using current/default (AnimCompress_BitwiseCompressOnly_4) bFirstRecompressUsingCurrentOrDefault(1) bTryAlternateCompressor(0) IsCompressedDataValid(0)
[2019.11.18-16.09.29:055][  0]LogAIModule: Creating AISystem for world ThirdPersonExampleMap
[2019.11.18-16.09.29:075][  0]LogEditorServer: Finished looking for orphan Actors (0.000 secs)
[2019.11.18-16.09.29:246][  0]LogUObjectHash: Compacting FUObjectHashTables data took   4.15ms
[2019.11.18-16.09.29:247][  0]Cmd: MAP CHECKDEP NOCLEARLOG
[2019.11.18-16.09.29:247][  0]MapCheck: Map check complete: 0 Error(s), 0 Warning(s), took 0.18ms to complete.
[2019.11.18-16.09.29:247][  0]LogFileHelpers: Loading map 'ThirdPersonExampleMap' took 8.980
[2019.11.18-16.09.29:458][  0]LogSlate: Updating window title bar state: overlay mode, drag disabled, window buttons hidden, title bar hidden
[2019.11.18-16.09.29:473][  0]LogSlate: Updating window title bar state: overlay mode, drag disabled, window buttons hidden, title bar hidden
[2019.11.18-16.09.29:486][  0]LogSlate: Updating window title bar state: overlay mode, drag disabled, window buttons hidden, title bar hidden
[2019.11.18-16.09.29:503][  0]LogSlate: Updating window title bar state: overlay mode, drag disabled, window buttons hidden, title bar hidden
[2019.11.18-16.09.29:520][  0]LogCollectionManager: Loaded 0 collections in 0.002918 seconds
[2019.11.18-16.09.29:552][  0]LogFileCache: Scanning file cache for directory 'C:/Users/julia/Documents/UnrealGameProject/UnrealTPS/ThirdPersonProject/GameEngineProjectTPS/Saved/Collections/' took 0.01s
[2019.11.18-16.09.29:552][  0]LogFileCache: Scanning file cache for directory 'C:/Users/julia/Documents/UnrealGameProject/UnrealTPS/ThirdPersonProject/GameEngineProjectTPS/Content/Developers/julia/Collections/' took 0.00s
[2019.11.18-16.09.29:552][  0]LogFileCache: Scanning file cache for directory 'C:/Users/julia/Documents/UnrealGameProject/UnrealTPS/ThirdPersonProject/GameEngineProjectTPS/Content/Collections/' took 0.01s
[2019.11.18-16.09.29:552][  0]LogCollectionManager: Rebuilt the GUID cache for 0 collections in 0.000000 seconds
[2019.11.18-16.09.29:573][  0]LogContentBrowser: Native class hierarchy populated in 0.0203 seconds. Added 2734 classes and 661 folders.
[2019.11.18-16.09.29:590][  0]LogContentBrowser: Native class hierarchy updated for 'WidgetCarousel' in 0.0006 seconds. Added 0 classes and 0 folders.
[2019.11.18-16.09.29:594][  0]LogPakFile: Registered encryption key '00000000000000000000000000000000': 0 pak files mounted, 0 remain pending
[2019.11.18-16.09.29:605][  0]LogPakFile: Registered encryption key '00000000000000000000000000000000': 0 pak files mounted, 0 remain pending
[2019.11.18-16.09.29:645][  0]LogPakFile: Registered encryption key '00000000000000000000000000000000': 0 pak files mounted, 0 remain pending
[2019.11.18-16.09.29:656][  0]LogPakFile: Registered encryption key '00000000000000000000000000000000': 0 pak files mounted, 0 remain pending
[2019.11.18-16.09.29:665][  0]LogPakFile: Registered encryption key '00000000000000000000000000000000': 0 pak files mounted, 0 remain pending
[2019.11.18-16.09.29:675][  0]LogPakFile: Registered encryption key '00000000000000000000000000000000': 0 pak files mounted, 0 remain pending
[2019.11.18-16.09.29:685][  0]LogPakFile: Registered encryption key '00000000000000000000000000000000': 0 pak files mounted, 0 remain pending
[2019.11.18-16.09.29:695][  0]LogPakFile: Registered encryption key '00000000000000000000000000000000': 0 pak files mounted, 0 remain pending
[2019.11.18-16.09.29:705][  0]LogPakFile: Registered encryption key '00000000000000000000000000000000': 0 pak files mounted, 0 remain pending
[2019.11.18-16.09.29:718][  0]LogPakFile: Registered encryption key '00000000000000000000000000000000': 0 pak files mounted, 0 remain pending
[2019.11.18-16.09.29:727][  0]LogPakFile: Registered encryption key '00000000000000000000000000000000': 0 pak files mounted, 0 remain pending
[2019.11.18-16.09.29:736][  0]LogPakFile: Registered encryption key '00000000000000000000000000000000': 0 pak files mounted, 0 remain pending
[2019.11.18-16.09.29:746][  0]LogPakFile: Registered encryption key '00000000000000000000000000000000': 0 pak files mounted, 0 remain pending
[2019.11.18-16.09.29:758][  0]LogPakFile: Registered encryption key '00000000000000000000000000000000': 0 pak files mounted, 0 remain pending
[2019.11.18-16.09.29:767][  0]LogPakFile: Registered encryption key '00000000000000000000000000000000': 0 pak files mounted, 0 remain pending
[2019.11.18-16.09.29:775][  0]LogPakFile: Registered encryption key '00000000000000000000000000000000': 0 pak files mounted, 0 remain pending
[2019.11.18-16.09.29:836][  0]LogPakFile: Registered encryption key '00000000000000000000000000000000': 0 pak files mounted, 0 remain pending
[2019.11.18-16.09.29:847][  0]LogPakFile: Registered encryption key '00000000000000000000000000000000': 0 pak files mounted, 0 remain pending
[2019.11.18-16.09.29:857][  0]LogPakFile: Registered encryption key '00000000000000000000000000000000': 0 pak files mounted, 0 remain pending
[2019.11.18-16.09.29:866][  0]LogPakFile: Registered encryption key '00000000000000000000000000000000': 0 pak files mounted, 0 remain pending
[2019.11.18-16.09.29:876][  0]LogPakFile: Registered encryption key '00000000000000000000000000000000': 0 pak files mounted, 0 remain pending
[2019.11.18-16.09.29:886][  0]LogPakFile: Registered encryption key '00000000000000000000000000000000': 0 pak files mounted, 0 remain pending
[2019.11.18-16.09.29:896][  0]LogPakFile: Registered encryption key '00000000000000000000000000000000': 0 pak files mounted, 0 remain pending
[2019.11.18-16.09.29:906][  0]LogPakFile: Registered encryption key '00000000000000000000000000000000': 0 pak files mounted, 0 remain pending
[2019.11.18-16.09.29:916][  0]LogPakFile: Registered encryption key '00000000000000000000000000000000': 0 pak files mounted, 0 remain pending
[2019.11.18-16.09.29:925][  0]LogPakFile: Registered encryption key '00000000000000000000000000000000': 0 pak files mounted, 0 remain pending
[2019.11.18-16.09.29:993][  0]LogContentBrowser: Native class hierarchy updated for 'AddContentDialog' in 0.0005 seconds. Added 0 classes and 0 folders.
[2019.11.18-16.09.30:010][  0]LogContentBrowser: Native class hierarchy updated for 'SceneOutliner' in 0.0006 seconds. Added 1 classes and 2 folders.
[2019.11.18-16.09.30:174][  0]LogSlate: Took 0.000237 seconds to synchronously load lazily loaded font '../../../Engine/Content/Slate/Fonts/Roboto-Regular.ttf' (155K)
[2019.11.18-16.09.30:178][  0]LogSlate: Took 0.000206 seconds to synchronously load lazily loaded font '../../../Engine/Content/Slate/Fonts/Roboto-Bold.ttf' (160K)
[2019.11.18-16.09.30:195][  0]LogSlate: Took 0.008402 seconds to synchronously load lazily loaded font '../../../Engine/Content/Editor/Slate/Fonts/FontAwesome.ttf' (139K)
[2019.11.18-16.09.30:343][  0]LogRenderer: Reallocating scene render targets to support 892x344 Format 10 NumSamples 1 (Frame:1).
[2019.11.18-16.09.30:587][  0]LogContentBrowser: Native class hierarchy updated for 'HierarchicalLODOutliner' in 0.0005 seconds. Added 0 classes and 0 folders.
[2019.11.18-16.09.30:587][  0]LogLoad: (Engine Initialization) Total time: 34.16 seconds
[2019.11.18-16.09.30:588][  0]LogLoad: (Engine Initialization) Total Blueprint compile time: 0.00 seconds
[2019.11.18-16.09.30:650][  0]LogContentStreaming: Texture pool size now 1000 MB
[2019.11.18-16.09.30:708][  0]LogSlate: Took 0.009933 seconds to synchronously load lazily loaded font '../../../Engine/Content/Slate/Fonts/Roboto-Light.ttf' (167K)
[2019.11.18-16.09.31:689][ 39]LogSlate: Took 0.000163 seconds to synchronously load lazily loaded font '../../../Engine/Content/Slate/Fonts/Roboto-Light.ttf' (167K)
[2019.11.18-16.09.33:199][121]LogCollectionManager: Rebuilt the object cache for 0 collections in 0.000001 seconds (found 0 objects)
[2019.11.18-16.09.33:225][121]LogAssetRegistry: Asset discovery search completed in 17.7511 seconds
[2019.11.18-16.09.33:229][121]LogCollectionManager: Fixed up redirectors for 0 collections in 0.000001 seconds (updated 0 objects)
[2019.11.18-16.09.34:045][162]LogSlate: FSceneViewport::OnFocusLost() reason 0
[2019.11.18-16.09.34:188][166]LogAssetEditorManager: Opening Asset editor for Blueprint /Game/Phil/Player/BP_Player.BP_Player
[2019.11.18-16.09.34:799][166]LogContentBrowser: Native class hierarchy updated for 'BlueprintGraph' in 0.0015 seconds. Added 121 classes and 0 folders.
[2019.11.18-16.09.45:739][166]LogShaderCompilers: Display: Shaders left to compile 90
[2019.11.18-16.09.45:739][166]LogShaderCompilers: Display: Shaders left to compile 80
[2019.11.18-16.09.45:739][166]LogShaderCompilers: Display: Shaders left to compile 70
[2019.11.18-16.09.45:739][166]LogShaderCompilers: Display: Shaders left to compile 60
[2019.11.18-16.09.45:739][166]LogShaderCompilers: Display: Shaders left to compile 50
[2019.11.18-16.09.45:745][166]LogAssetEditorManager: Opening Asset editor for Blueprint /Game/Julian/AI/AI_ControlBoss.AI_ControlBoss
[2019.11.18-16.09.46:618][166]LogAssetEditorManager: Opening Asset editor for Blueprint /Game/Julian/AI/BP_Boss_Dest.BP_Boss_Dest
[2019.11.18-16.09.47:470][166]LogAssetEditorManager: Opening Asset editor for BlackboardData /Game/Julian/AI/BB_Boss.BB_Boss
[2019.11.18-16.09.47:715][166]LogAssetEditorManager: Opening Asset editor for Blueprint /Game/Julian/AI/BTTask_FindSearchPoint.BTTask_FindSearchPoint
[2019.11.18-16.09.48:555][166]LogShaderCompilers: Display: Shaders left to compile 40
[2019.11.18-16.09.48:560][166]LogAssetEditorManager: Opening Asset editor for Blueprint /Game/Julian/AI/BTTask_Attack_New1.BTTask_Attack_New1
[2019.11.18-16.09.49:273][166]LogShaderCompilers: Display: Shaders left to compile 30
[2019.11.18-16.09.49:422][166]LogAssetEditorManager: Opening Asset editor for Blueprint /Game/Phil/Mutant/BP_Mutant.BP_Mutant
[2019.11.18-16.09.50:379][166]LogSlate: Took 0.003166 seconds to synchronously load lazily loaded font '../../../Engine/Content/Slate/Fonts/Roboto-BoldCondensed.ttf' (158K)
